<?xml version="1.0" encoding="UTF-8"?>
<testng-results ignored="0" total="1" passed="1" failed="0" skipped="0">
  <reporter-output>
  </reporter-output>
  <suite started-at="2020-11-06T15:48:43 CST" name="Default suite" finished-at="2020-11-06T15:48:46 CST" duration-ms="3321">
    <groups>
    </groups>
    <test started-at="2020-11-06T15:48:43 CST" name="Default test" finished-at="2020-11-06T15:48:46 CST" duration-ms="3321">
      <class name="theInternet.tests.DropdownListTest">
        <test-method is-config="true" signature="beforeClass()[pri:0, instance:theInternet.tests.DropdownListTest@68567e20]" started-at="2020-11-06T15:48:43 CST" name="beforeClass" finished-at="2020-11-06T15:48:44 CST" duration-ms="1361" status="PASS">
          <reporter-output>
          </reporter-output>
        </test-method> <!-- beforeClass -->
        <test-method signature="tc4CanSelectDropdownListOption()[pri:0, instance:theInternet.tests.DropdownListTest@68567e20]" started-at="2020-11-06T15:48:44 CST" name="tc4CanSelectDropdownListOption" finished-at="2020-11-06T15:48:46 CST" duration-ms="1357" status="PASS">
          <reporter-output>
          </reporter-output>
        </test-method> <!-- tc4CanSelectDropdownListOption -->
        <test-method is-config="true" signature="afterClass()[pri:0, instance:theInternet.tests.DropdownListTest@68567e20]" started-at="2020-11-06T15:48:46 CST" name="afterClass" finished-at="2020-11-06T15:48:46 CST" duration-ms="584" status="PASS">
          <reporter-output>
          </reporter-output>
        </test-method> <!-- afterClass -->
      </class> <!-- theInternet.tests.DropdownListTest -->
    </test> <!-- Default test -->
  </suite> <!-- Default suite -->
</testng-results>
