<?xml version="1.0" encoding="UTF-8"?>
<testng-results ignored="0" total="1" passed="1" failed="0" skipped="0">
  <reporter-output>
  </reporter-output>
  <suite started-at="2020-11-12T02:26:52 CST" name="Default suite" finished-at="2020-11-12T02:26:56 CST" duration-ms="4168">
    <groups>
    </groups>
    <test started-at="2020-11-12T02:26:52 CST" name="Default test" finished-at="2020-11-12T02:26:56 CST" duration-ms="4168">
      <class name="theInternet.tests.HorizontalSliderTest">
        <test-method is-config="true" signature="beforeTest()[pri:0, instance:theInternet.tests.HorizontalSliderTest@3098cf3b]" started-at="2020-11-12T02:26:52 CST" name="beforeTest" finished-at="2020-11-12T02:26:53 CST" duration-ms="1412" status="PASS">
          <reporter-output>
          </reporter-output>
        </test-method> <!-- beforeTest -->
        <test-method signature="canMoveSlider()[pri:0, instance:theInternet.tests.HorizontalSliderTest@3098cf3b]" started-at="2020-11-12T02:26:53 CST" name="canMoveSlider" finished-at="2020-11-12T02:26:55 CST" duration-ms="2147" status="PASS">
          <reporter-output>
          </reporter-output>
        </test-method> <!-- canMoveSlider -->
        <test-method is-config="true" signature="afterTest()[pri:0, instance:theInternet.tests.HorizontalSliderTest@3098cf3b]" started-at="2020-11-12T02:26:55 CST" name="afterTest" finished-at="2020-11-12T02:26:56 CST" duration-ms="593" status="PASS">
          <reporter-output>
          </reporter-output>
        </test-method> <!-- afterTest -->
      </class> <!-- theInternet.tests.HorizontalSliderTest -->
    </test> <!-- Default test -->
  </suite> <!-- Default suite -->
</testng-results>
