<?xml version="1.0" encoding="UTF-8"?>
<!-- Generated by org.testng.reporters.JUnitXMLReporter -->
<testsuite ignored="0" hostname="CDantas" failures="0" tests="4" name="Default test" time="6.43" errors="0" timestamp="2020-11-03T21:38:07 CST">
  <testcase classname="TheInternet" name="canLaunchChromeBrowser" time="1.92"/>
  <testcase classname="TheInternet" name="canNavigateToTheIndexPage" time="0.2"/>
  <testcase classname="TheInternet" name="tc4CanSelectDropdownListItem" time="0.438"/>
  <testcase classname="TheInternet" name="tc5CanSetAnInput" time="0.299"/>
</testsuite> <!-- Default test -->
