<?xml version="1.0" encoding="UTF-8"?>
<!-- Generated by org.testng.reporters.JUnitXMLReporter -->
<testsuite ignored="0" hostname="MSI" failures="0" tests="3" name="Default test" time="3.588" errors="0" timestamp="2020-11-12T02:25:06 CST">
  <testcase classname="theInternet.tests.JavaScriptAlertsTest" name="canActivateAlert" time="1.253"/>
  <testcase classname="theInternet.tests.JavaScriptAlertsTest" name="canConfirmAlert" time="0.158"/>
  <testcase classname="theInternet.tests.JavaScriptAlertsTest" name="canSendPromptAlert" time="0.151"/>
</testsuite> <!-- Default test -->
